2018/08/09 21:46:07 [error] [exception.CHttpException.404] exception 'CHttpException' with message 'The system is unable to find the requested action "speak".' in /var/www/html/yii1/framework/web/CController.php:486
Stack trace:
#0 /var/www/html/yii1/framework/web/CController.php(270): CController->missingAction('speak')
#1 /var/www/html/yii1/framework/web/CWebApplication.php(282): CController->run('speak')
#2 /var/www/html/yii1/framework/web/CWebApplication.php(141): CWebApplication->runController('site/speak')
#3 /var/www/html/yii1/framework/base/CApplication.php(185): CWebApplication->processRequest()
#4 /var/www/html/yii1/index.php(13): CApplication->run()
#5 {main}
REQUEST_URI=/yii1/index.php?r=site/speak&message=hello%20world.
---
2018/08/09 22:05:15 [error] [php] Undefined variable: meage (/var/www/html/yii1/protected/views/site/speak.php:10)
Stack trace:
#0 /var/www/html/yii1/framework/web/CController.php(872): SiteController->renderFile()
#1 /var/www/html/yii1/framework/web/CController.php(785): SiteController->renderPartial()
#2 /var/www/html/yii1/protected/controllers/SiteController.php(111): SiteController->render()
#3 unknown(0): SiteController->actionSpeak()
#4 /var/www/html/yii1/framework/web/actions/CAction.php(109): ReflectionMethod->invokeArgs()
#5 /var/www/html/yii1/framework/web/actions/CInlineAction.php(47): CInlineAction->runWithParamsInternal()
#6 /var/www/html/yii1/framework/web/CController.php(308): CInlineAction->runWithParams()
#7 /var/www/html/yii1/framework/web/CController.php(286): SiteController->runAction()
#8 /var/www/html/yii1/framework/web/CController.php(265): SiteController->runActionWithFilters()
#9 /var/www/html/yii1/framework/web/CWebApplication.php(282): SiteController->run()
#10 /var/www/html/yii1/framework/web/CWebApplication.php(141): CWebApplication->runController()
#11 /var/www/html/yii1/framework/base/CApplication.php(185): CWebApplication->processRequest()
#12 /var/www/html/yii1/index.php(13): CWebApplication->run()
REQUEST_URI=/yii1/index.php?r=site/speak
in /var/www/html/yii1/protected/views/site/speak.php (10)
in /var/www/html/yii1/protected/controllers/SiteController.php (111)
in /var/www/html/yii1/index.php (13)
2018/08/09 22:05:32 [error] [php] Undefined variable: meage (/var/www/html/yii1/protected/views/site/speak.php:10)
Stack trace:
#0 /var/www/html/yii1/framework/web/CController.php(872): SiteController->renderFile()
#1 /var/www/html/yii1/framework/web/CController.php(785): SiteController->renderPartial()
#2 /var/www/html/yii1/protected/controllers/SiteController.php(111): SiteController->render()
#3 unknown(0): SiteController->actionSpeak()
#4 /var/www/html/yii1/framework/web/actions/CAction.php(109): ReflectionMethod->invokeArgs()
#5 /var/www/html/yii1/framework/web/actions/CInlineAction.php(47): CInlineAction->runWithParamsInternal()
#6 /var/www/html/yii1/framework/web/CController.php(308): CInlineAction->runWithParams()
#7 /var/www/html/yii1/framework/web/CController.php(286): SiteController->runAction()
#8 /var/www/html/yii1/framework/web/CController.php(265): SiteController->runActionWithFilters()
#9 /var/www/html/yii1/framework/web/CWebApplication.php(282): SiteController->run()
#10 /var/www/html/yii1/framework/web/CWebApplication.php(141): CWebApplication->runController()
#11 /var/www/html/yii1/framework/base/CApplication.php(185): CWebApplication->processRequest()
#12 /var/www/html/yii1/index.php(13): CWebApplication->run()
REQUEST_URI=/yii1/index.php?r=site/speak
in /var/www/html/yii1/protected/views/site/speak.php (10)
in /var/www/html/yii1/protected/controllers/SiteController.php (111)
in /var/www/html/yii1/index.php (13)
2018/08/09 22:05:33 [error] [php] Undefined variable: meage (/var/www/html/yii1/protected/views/site/speak.php:10)
Stack trace:
#0 /var/www/html/yii1/framework/web/CController.php(872): SiteController->renderFile()
#1 /var/www/html/yii1/framework/web/CController.php(785): SiteController->renderPartial()
#2 /var/www/html/yii1/protected/controllers/SiteController.php(111): SiteController->render()
#3 unknown(0): SiteController->actionSpeak()
#4 /var/www/html/yii1/framework/web/actions/CAction.php(109): ReflectionMethod->invokeArgs()
#5 /var/www/html/yii1/framework/web/actions/CInlineAction.php(47): CInlineAction->runWithParamsInternal()
#6 /var/www/html/yii1/framework/web/CController.php(308): CInlineAction->runWithParams()
#7 /var/www/html/yii1/framework/web/CController.php(286): SiteController->runAction()
#8 /var/www/html/yii1/framework/web/CController.php(265): SiteController->runActionWithFilters()
#9 /var/www/html/yii1/framework/web/CWebApplication.php(282): SiteController->run()
#10 /var/www/html/yii1/framework/web/CWebApplication.php(141): CWebApplication->runController()
#11 /var/www/html/yii1/framework/base/CApplication.php(185): CWebApplication->processRequest()
#12 /var/www/html/yii1/index.php(13): CWebApplication->run()
REQUEST_URI=/yii1/index.php?r=site/speak
in /var/www/html/yii1/protected/views/site/speak.php (10)
in /var/www/html/yii1/protected/controllers/SiteController.php (111)
in /var/www/html/yii1/index.php (13)
2018/08/09 22:05:34 [error] [php] Undefined variable: meage (/var/www/html/yii1/protected/views/site/speak.php:10)
Stack trace:
#0 /var/www/html/yii1/framework/web/CController.php(872): SiteController->renderFile()
#1 /var/www/html/yii1/framework/web/CController.php(785): SiteController->renderPartial()
#2 /var/www/html/yii1/protected/controllers/SiteController.php(111): SiteController->render()
#3 unknown(0): SiteController->actionSpeak()
#4 /var/www/html/yii1/framework/web/actions/CAction.php(109): ReflectionMethod->invokeArgs()
#5 /var/www/html/yii1/framework/web/actions/CInlineAction.php(47): CInlineAction->runWithParamsInternal()
#6 /var/www/html/yii1/framework/web/CController.php(308): CInlineAction->runWithParams()
#7 /var/www/html/yii1/framework/web/CController.php(286): SiteController->runAction()
#8 /var/www/html/yii1/framework/web/CController.php(265): SiteController->runActionWithFilters()
#9 /var/www/html/yii1/framework/web/CWebApplication.php(282): SiteController->run()
#10 /var/www/html/yii1/framework/web/CWebApplication.php(141): CWebApplication->runController()
#11 /var/www/html/yii1/framework/base/CApplication.php(185): CWebApplication->processRequest()
#12 /var/www/html/yii1/index.php(13): CWebApplication->run()
REQUEST_URI=/yii1/index.php?r=site/speak
in /var/www/html/yii1/protected/views/site/speak.php (10)
in /var/www/html/yii1/protected/controllers/SiteController.php (111)
in /var/www/html/yii1/index.php (13)
2018/08/09 22:07:57 [error] [php] Undefined variable: meage (/var/www/html/yii1/protected/views/site/speak.php:10)
Stack trace:
#0 /var/www/html/yii1/framework/web/CController.php(872): SiteController->renderFile()
#1 /var/www/html/yii1/framework/web/CController.php(785): SiteController->renderPartial()
#2 /var/www/html/yii1/protected/controllers/SiteController.php(111): SiteController->render()
#3 unknown(0): SiteController->actionSpeak()
#4 /var/www/html/yii1/framework/web/actions/CAction.php(109): ReflectionMethod->invokeArgs()
#5 /var/www/html/yii1/framework/web/actions/CInlineAction.php(47): CInlineAction->runWithParamsInternal()
#6 /var/www/html/yii1/framework/web/CController.php(308): CInlineAction->runWithParams()
#7 /var/www/html/yii1/framework/web/CController.php(286): SiteController->runAction()
#8 /var/www/html/yii1/framework/web/CController.php(265): SiteController->runActionWithFilters()
#9 /var/www/html/yii1/framework/web/CWebApplication.php(282): SiteController->run()
#10 /var/www/html/yii1/framework/web/CWebApplication.php(141): CWebApplication->runController()
#11 /var/www/html/yii1/framework/base/CApplication.php(185): CWebApplication->processRequest()
#12 /var/www/html/yii1/index.php(13): CWebApplication->run()
REQUEST_URI=/yii1/index.php?r=site/speak
in /var/www/html/yii1/protected/views/site/speak.php (10)
in /var/www/html/yii1/protected/controllers/SiteController.php (111)
in /var/www/html/yii1/index.php (13)
2018/08/09 22:07:58 [error] [php] Undefined variable: meage (/var/www/html/yii1/protected/views/site/speak.php:10)
Stack trace:
#0 /var/www/html/yii1/framework/web/CController.php(872): SiteController->renderFile()
#1 /var/www/html/yii1/framework/web/CController.php(785): SiteController->renderPartial()
#2 /var/www/html/yii1/protected/controllers/SiteController.php(111): SiteController->render()
#3 unknown(0): SiteController->actionSpeak()
#4 /var/www/html/yii1/framework/web/actions/CAction.php(109): ReflectionMethod->invokeArgs()
#5 /var/www/html/yii1/framework/web/actions/CInlineAction.php(47): CInlineAction->runWithParamsInternal()
#6 /var/www/html/yii1/framework/web/CController.php(308): CInlineAction->runWithParams()
#7 /var/www/html/yii1/framework/web/CController.php(286): SiteController->runAction()
#8 /var/www/html/yii1/framework/web/CController.php(265): SiteController->runActionWithFilters()
#9 /var/www/html/yii1/framework/web/CWebApplication.php(282): SiteController->run()
#10 /var/www/html/yii1/framework/web/CWebApplication.php(141): CWebApplication->runController()
#11 /var/www/html/yii1/framework/base/CApplication.php(185): CWebApplication->processRequest()
#12 /var/www/html/yii1/index.php(13): CWebApplication->run()
REQUEST_URI=/yii1/index.php?r=site/speak
in /var/www/html/yii1/protected/views/site/speak.php (10)
in /var/www/html/yii1/protected/controllers/SiteController.php (111)
in /var/www/html/yii1/index.php (13)
2018/08/09 22:08:41 [error] [php] Undefined variable: meage (/var/www/html/yii1/protected/views/site/speak.php:10)
Stack trace:
#0 /var/www/html/yii1/framework/web/CController.php(872): SiteController->renderFile()
#1 /var/www/html/yii1/framework/web/CController.php(785): SiteController->renderPartial()
#2 /var/www/html/yii1/protected/controllers/SiteController.php(111): SiteController->render()
#3 unknown(0): SiteController->actionSpeak()
#4 /var/www/html/yii1/framework/web/actions/CAction.php(109): ReflectionMethod->invokeArgs()
#5 /var/www/html/yii1/framework/web/actions/CInlineAction.php(47): CInlineAction->runWithParamsInternal()
#6 /var/www/html/yii1/framework/web/CController.php(308): CInlineAction->runWithParams()
#7 /var/www/html/yii1/framework/web/CController.php(286): SiteController->runAction()
#8 /var/www/html/yii1/framework/web/CController.php(265): SiteController->runActionWithFilters()
#9 /var/www/html/yii1/framework/web/CWebApplication.php(282): SiteController->run()
#10 /var/www/html/yii1/framework/web/CWebApplication.php(141): CWebApplication->runController()
#11 /var/www/html/yii1/framework/base/CApplication.php(185): CWebApplication->processRequest()
#12 /var/www/html/yii1/index.php(13): CWebApplication->run()
REQUEST_URI=/yii1/index.php?r=site/speak
2018/08/09 22:09:24 [error] [php] Undefined variable: meage (/var/www/html/yii1/protected/views/site/speak.php:10)
Stack trace:
#0 /var/www/html/yii1/framework/web/CController.php(872): SiteController->renderFile()
#1 /var/www/html/yii1/framework/web/CController.php(785): SiteController->renderPartial()
#2 /var/www/html/yii1/protected/controllers/SiteController.php(111): SiteController->render()
#3 unknown(0): SiteController->actionSpeak()
#4 /var/www/html/yii1/framework/web/actions/CAction.php(109): ReflectionMethod->invokeArgs()
#5 /var/www/html/yii1/framework/web/actions/CInlineAction.php(47): CInlineAction->runWithParamsInternal()
#6 /var/www/html/yii1/framework/web/CController.php(308): CInlineAction->runWithParams()
#7 /var/www/html/yii1/framework/web/CController.php(286): SiteController->runAction()
#8 /var/www/html/yii1/framework/web/CController.php(265): SiteController->runActionWithFilters()
#9 /var/www/html/yii1/framework/web/CWebApplication.php(282): SiteController->run()
#10 /var/www/html/yii1/framework/web/CWebApplication.php(141): CWebApplication->runController()
#11 /var/www/html/yii1/framework/base/CApplication.php(185): CWebApplication->processRequest()
#12 /var/www/html/yii1/index.php(13): CWebApplication->run()
REQUEST_URI=/yii1/index.php?r=site/speak
in /var/www/html/yii1/protected/views/site/speak.php (10)
in /var/www/html/yii1/protected/controllers/SiteController.php (111)
in /var/www/html/yii1/index.php (13)
2018/08/09 22:09:46 [error] [php] Undefined variable: meage (/var/www/html/yii1/protected/views/site/speak.php:10)
Stack trace:
#0 /var/www/html/yii1/framework/web/CController.php(872): SiteController->renderFile()
#1 /var/www/html/yii1/framework/web/CController.php(785): SiteController->renderPartial()
#2 /var/www/html/yii1/protected/controllers/SiteController.php(111): SiteController->render()
#3 unknown(0): SiteController->actionSpeak()
#4 /var/www/html/yii1/framework/web/actions/CAction.php(109): ReflectionMethod->invokeArgs()
#5 /var/www/html/yii1/framework/web/actions/CInlineAction.php(47): CInlineAction->runWithParamsInternal()
#6 /var/www/html/yii1/framework/web/CController.php(308): CInlineAction->runWithParams()
#7 /var/www/html/yii1/framework/web/CController.php(286): SiteController->runAction()
#8 /var/www/html/yii1/framework/web/CController.php(265): SiteController->runActionWithFilters()
#9 /var/www/html/yii1/framework/web/CWebApplication.php(282): SiteController->run()
#10 /var/www/html/yii1/framework/web/CWebApplication.php(141): CWebApplication->runController()
#11 /var/www/html/yii1/framework/base/CApplication.php(185): CWebApplication->processRequest()
#12 /var/www/html/yii1/index.php(13): CWebApplication->run()
REQUEST_URI=/yii1/index.php?r=site/speak
2018/08/10 06:34:16 [error] [exception.CException] exception 'CException' with message 'Alias "bootstrap.components.Bootstrap" is invalid. Make sure it points to an existing PHP file and the file is readable.' in /var/www/html/yii1/framework/YiiBase.php:330
Stack trace:
#0 /var/www/html/yii1/framework/YiiBase.php(204): YiiBase::import('bootstrap.compo...', true)
#1 /var/www/html/yii1/framework/base/CModule.php(393): YiiBase::createComponent(Array)
#2 /var/www/html/yii1/framework/base/CModule.php(103): CModule->getComponent('bootstrap')
#3 /var/www/html/yii1/themes/bootstrap/views/layouts/main.php(12): CModule->__get('bootstrap')
#4 /var/www/html/yii1/framework/web/CBaseController.php(126): require('/var/www/html/y...')
#5 /var/www/html/yii1/framework/web/CBaseController.php(95): CBaseController->renderInternal('/var/www/html/y...', Array, true)
#6 /var/www/html/yii1/framework/web/widgets/CContentDecorator.php(76): CBaseController->renderFile('/var/www/html/y...', Array, true)
#7 /var/www/html/yii1/framework/web/widgets/CContentDecorator.php(54): CContentDecorator->decorate('<div id="conten...')
#8 /var/www/html/yii1/framework/web/widgets/COutputProcessor.php(44): CContentDecorator->processOutput('<div id="conten...')
#9 /var/www/html/yii1/framework/web/CBaseController.php(215): COutputProcessor->run()
#10 /var/www/html/yii1/framework/web/CBaseController.php(309): CBaseController->endWidget('CContentDecorat...')
#11 /var/www/html/yii1/protected/views/layouts/column1.php(6): CBaseController->endContent()
#12 /var/www/html/yii1/framework/web/CBaseController.php(126): require('/var/www/html/y...')
#13 /var/www/html/yii1/framework/web/CBaseController.php(95): CBaseController->renderInternal('/var/www/html/y...', Array, true)
#14 /var/www/html/yii1/framework/web/CController.php(787): CBaseController->renderFile('/var/www/html/y...', Array, true)
#15 /var/www/html/yii1/protected/controllers/ContactController.php(29): CController->render('index')
#16 /var/www/html/yii1/framework/web/actions/CInlineAction.php(49): ContactController->actionIndex()
#17 /var/www/html/yii1/framework/web/CController.php(308): CInlineAction->runWithParams(Array)
#18 /var/www/html/yii1/framework/web/CController.php(286): CController->runAction(Object(CInlineAction))
#19 /var/www/html/yii1/framework/web/CController.php(265): CController->runActionWithFilters(Object(CInlineAction), Array)
#20 /var/www/html/yii1/framework/web/CWebApplication.php(282): CController->run('')
#21 /var/www/html/yii1/framework/web/CWebApplication.php(141): CWebApplication->runController('contact')
#22 /var/www/html/yii1/framework/base/CApplication.php(185): CWebApplication->processRequest()
#23 /var/www/html/yii1/index.php(13): CApplication->run()
#24 {main}
REQUEST_URI=/yii1/index.php?r=contact
---
2018/08/10 06:44:05 [error] [exception.CException] exception 'CException' with message 'Alias "bootstrap.components.Bootstrap" is invalid. Make sure it points to an existing PHP file and the file is readable.' in /var/www/html/yii1/framework/YiiBase.php:330
Stack trace:
#0 /var/www/html/yii1/framework/YiiBase.php(204): YiiBase::import('bootstrap.compo...', true)
#1 /var/www/html/yii1/framework/base/CModule.php(393): YiiBase::createComponent(Array)
#2 /var/www/html/yii1/framework/base/CModule.php(103): CModule->getComponent('bootstrap')
#3 /var/www/html/yii1/themes/bootstrap/views/layouts/main.php(12): CModule->__get('bootstrap')
#4 /var/www/html/yii1/framework/web/CBaseController.php(126): require('/var/www/html/y...')
#5 /var/www/html/yii1/framework/web/CBaseController.php(95): CBaseController->renderInternal('/var/www/html/y...', Array, true)
#6 /var/www/html/yii1/framework/web/widgets/CContentDecorator.php(76): CBaseController->renderFile('/var/www/html/y...', Array, true)
#7 /var/www/html/yii1/framework/web/widgets/CContentDecorator.php(54): CContentDecorator->decorate('<div id="conten...')
#8 /var/www/html/yii1/framework/web/widgets/COutputProcessor.php(44): CContentDecorator->processOutput('<div id="conten...')
#9 /var/www/html/yii1/framework/web/CBaseController.php(215): COutputProcessor->run()
#10 /var/www/html/yii1/framework/web/CBaseController.php(309): CBaseController->endWidget('CContentDecorat...')
#11 /var/www/html/yii1/protected/views/layouts/column1.php(6): CBaseController->endContent()
#12 /var/www/html/yii1/framework/web/CBaseController.php(126): require('/var/www/html/y...')
#13 /var/www/html/yii1/framework/web/CBaseController.php(95): CBaseController->renderInternal('/var/www/html/y...', Array, true)
#14 /var/www/html/yii1/framework/web/CController.php(787): CBaseController->renderFile('/var/www/html/y...', Array, true)
#15 /var/www/html/yii1/protected/controllers/ContactController.php(29): CController->render('index')
#16 /var/www/html/yii1/framework/web/actions/CInlineAction.php(49): ContactController->actionIndex()
#17 /var/www/html/yii1/framework/web/CController.php(308): CInlineAction->runWithParams(Array)
#18 /var/www/html/yii1/framework/web/CController.php(286): CController->runAction(Object(CInlineAction))
#19 /var/www/html/yii1/framework/web/CController.php(265): CController->runActionWithFilters(Object(CInlineAction), Array)
#20 /var/www/html/yii1/framework/web/CWebApplication.php(282): CController->run('')
#21 /var/www/html/yii1/framework/web/CWebApplication.php(141): CWebApplication->runController('contact')
#22 /var/www/html/yii1/framework/base/CApplication.php(185): CWebApplication->processRequest()
#23 /var/www/html/yii1/index.php(13): CApplication->run()
#24 {main}
REQUEST_URI=/yii1/index.php?r=contact
---
2018/08/10 06:44:08 [error] [exception.CException] exception 'CException' with message 'Alias "bootstrap.components.Bootstrap" is invalid. Make sure it points to an existing PHP file and the file is readable.' in /var/www/html/yii1/framework/YiiBase.php:330
Stack trace:
#0 /var/www/html/yii1/framework/YiiBase.php(204): YiiBase::import('bootstrap.compo...', true)
#1 /var/www/html/yii1/framework/base/CModule.php(393): YiiBase::createComponent(Array)
#2 /var/www/html/yii1/framework/base/CModule.php(103): CModule->getComponent('bootstrap')
#3 /var/www/html/yii1/themes/bootstrap/views/layouts/main.php(12): CModule->__get('bootstrap')
#4 /var/www/html/yii1/framework/web/CBaseController.php(126): require('/var/www/html/y...')
#5 /var/www/html/yii1/framework/web/CBaseController.php(95): CBaseController->renderInternal('/var/www/html/y...', Array, true)
#6 /var/www/html/yii1/framework/web/widgets/CContentDecorator.php(76): CBaseController->renderFile('/var/www/html/y...', Array, true)
#7 /var/www/html/yii1/framework/web/widgets/CContentDecorator.php(54): CContentDecorator->decorate('<div id="conten...')
#8 /var/www/html/yii1/framework/web/widgets/COutputProcessor.php(44): CContentDecorator->processOutput('<div id="conten...')
#9 /var/www/html/yii1/framework/web/CBaseController.php(215): COutputProcessor->run()
#10 /var/www/html/yii1/framework/web/CBaseController.php(309): CBaseController->endWidget('CContentDecorat...')
#11 /var/www/html/yii1/protected/views/layouts/column1.php(6): CBaseController->endContent()
#12 /var/www/html/yii1/framework/web/CBaseController.php(126): require('/var/www/html/y...')
#13 /var/www/html/yii1/framework/web/CBaseController.php(95): CBaseController->renderInternal('/var/www/html/y...', Array, true)
#14 /var/www/html/yii1/framework/web/CController.php(787): CBaseController->renderFile('/var/www/html/y...', Array, true)
#15 /var/www/html/yii1/protected/controllers/ContactController.php(29): CController->render('index')
#16 /var/www/html/yii1/framework/web/actions/CInlineAction.php(49): ContactController->actionIndex()
#17 /var/www/html/yii1/framework/web/CController.php(308): CInlineAction->runWithParams(Array)
#18 /var/www/html/yii1/framework/web/CController.php(286): CController->runAction(Object(CInlineAction))
#19 /var/www/html/yii1/framework/web/CController.php(265): CController->runActionWithFilters(Object(CInlineAction), Array)
#20 /var/www/html/yii1/framework/web/CWebApplication.php(282): CController->run('index')
#21 /var/www/html/yii1/framework/web/CWebApplication.php(141): CWebApplication->runController('contact/index')
#22 /var/www/html/yii1/framework/base/CApplication.php(185): CWebApplication->processRequest()
#23 /var/www/html/yii1/index.php(13): CApplication->run()
#24 {main}
REQUEST_URI=/yii1/index.php?r=contact/index
---
2018/08/10 06:44:10 [error] [php] Undefined variable: meage (/var/www/html/yii1/protected/views/site/speak.php:10)
Stack trace:
#0 /var/www/html/yii1/framework/web/CController.php(872): SiteController->renderFile()
#1 /var/www/html/yii1/framework/web/CController.php(785): SiteController->renderPartial()
#2 /var/www/html/yii1/protected/controllers/SiteController.php(111): SiteController->render()
#3 unknown(0): SiteController->actionSpeak()
#4 /var/www/html/yii1/framework/web/actions/CAction.php(109): ReflectionMethod->invokeArgs()
#5 /var/www/html/yii1/framework/web/actions/CInlineAction.php(47): CInlineAction->runWithParamsInternal()
#6 /var/www/html/yii1/framework/web/CController.php(308): CInlineAction->runWithParams()
#7 /var/www/html/yii1/framework/web/CController.php(286): SiteController->runAction()
#8 /var/www/html/yii1/framework/web/CController.php(265): SiteController->runActionWithFilters()
#9 /var/www/html/yii1/framework/web/CWebApplication.php(282): SiteController->run()
#10 /var/www/html/yii1/framework/web/CWebApplication.php(141): CWebApplication->runController()
#11 /var/www/html/yii1/framework/base/CApplication.php(185): CWebApplication->processRequest()
#12 /var/www/html/yii1/index.php(13): CWebApplication->run()
REQUEST_URI=/yii1/index.php?r=site/speak
in /var/www/html/yii1/protected/views/site/speak.php (10)
in /var/www/html/yii1/protected/controllers/SiteController.php (111)
in /var/www/html/yii1/index.php (13)
2018/08/10 06:44:23 [error] [exception.CException] exception 'CException' with message 'Alias "bootstrap.components.Bootstrap" is invalid. Make sure it points to an existing PHP file and the file is readable.' in /var/www/html/yii1/framework/YiiBase.php:330
Stack trace:
#0 /var/www/html/yii1/framework/YiiBase.php(204): YiiBase::import('bootstrap.compo...', true)
#1 /var/www/html/yii1/framework/base/CModule.php(393): YiiBase::createComponent(Array)
#2 /var/www/html/yii1/framework/base/CModule.php(103): CModule->getComponent('bootstrap')
#3 /var/www/html/yii1/themes/bootstrap/views/layouts/main.php(12): CModule->__get('bootstrap')
#4 /var/www/html/yii1/framework/web/CBaseController.php(126): require('/var/www/html/y...')
#5 /var/www/html/yii1/framework/web/CBaseController.php(95): CBaseController->renderInternal('/var/www/html/y...', Array, true)
#6 /var/www/html/yii1/framework/web/widgets/CContentDecorator.php(76): CBaseController->renderFile('/var/www/html/y...', Array, true)
#7 /var/www/html/yii1/framework/web/widgets/CContentDecorator.php(54): CContentDecorator->decorate('<div id="conten...')
#8 /var/www/html/yii1/framework/web/widgets/COutputProcessor.php(44): CContentDecorator->processOutput('<div id="conten...')
#9 /var/www/html/yii1/framework/web/CBaseController.php(215): COutputProcessor->run()
#10 /var/www/html/yii1/framework/web/CBaseController.php(309): CBaseController->endWidget('CContentDecorat...')
#11 /var/www/html/yii1/protected/views/layouts/column1.php(6): CBaseController->endContent()
#12 /var/www/html/yii1/framework/web/CBaseController.php(126): require('/var/www/html/y...')
#13 /var/www/html/yii1/framework/web/CBaseController.php(95): CBaseController->renderInternal('/var/www/html/y...', Array, true)
#14 /var/www/html/yii1/framework/web/CController.php(787): CBaseController->renderFile('/var/www/html/y...', Array, true)
#15 /var/www/html/yii1/protected/controllers/ContactController.php(29): CController->render('index')
#16 /var/www/html/yii1/framework/web/actions/CInlineAction.php(49): ContactController->actionIndex()
#17 /var/www/html/yii1/framework/web/CController.php(308): CInlineAction->runWithParams(Array)
#18 /var/www/html/yii1/framework/web/CController.php(286): CController->runAction(Object(CInlineAction))
#19 /var/www/html/yii1/framework/web/CController.php(265): CController->runActionWithFilters(Object(CInlineAction), Array)
#20 /var/www/html/yii1/framework/web/CWebApplication.php(282): CController->run('')
#21 /var/www/html/yii1/framework/web/CWebApplication.php(141): CWebApplication->runController('contact')
#22 /var/www/html/yii1/framework/base/CApplication.php(185): CWebApplication->processRequest()
#23 /var/www/html/yii1/index.php(13): CApplication->run()
#24 {main}
REQUEST_URI=/yii1/index.php?r=contact
---
2018/08/10 06:48:58 [error] [exception.CException] exception 'CException' with message 'Alias "ext.path_to.Bootstrap" is invalid. Make sure it points to an existing PHP file and the file is readable.' in /var/www/html/yii1/framework/YiiBase.php:330
Stack trace:
#0 /var/www/html/yii1/framework/YiiBase.php(204): YiiBase::import('ext.path_to.Boo...', true)
#1 /var/www/html/yii1/framework/base/CModule.php(393): YiiBase::createComponent(Array)
#2 /var/www/html/yii1/framework/base/CModule.php(103): CModule->getComponent('bootstrap')
#3 /var/www/html/yii1/themes/bootstrap/views/layouts/main.php(12): CModule->__get('bootstrap')
#4 /var/www/html/yii1/framework/web/CBaseController.php(126): require('/var/www/html/y...')
#5 /var/www/html/yii1/framework/web/CBaseController.php(95): CBaseController->renderInternal('/var/www/html/y...', Array, true)
#6 /var/www/html/yii1/framework/web/widgets/CContentDecorator.php(76): CBaseController->renderFile('/var/www/html/y...', Array, true)
#7 /var/www/html/yii1/framework/web/widgets/CContentDecorator.php(54): CContentDecorator->decorate('<div id="conten...')
#8 /var/www/html/yii1/framework/web/widgets/COutputProcessor.php(44): CContentDecorator->processOutput('<div id="conten...')
#9 /var/www/html/yii1/framework/web/CBaseController.php(215): COutputProcessor->run()
#10 /var/www/html/yii1/framework/web/CBaseController.php(309): CBaseController->endWidget('CContentDecorat...')
#11 /var/www/html/yii1/protected/views/layouts/column1.php(6): CBaseController->endContent()
#12 /var/www/html/yii1/framework/web/CBaseController.php(126): require('/var/www/html/y...')
#13 /var/www/html/yii1/framework/web/CBaseController.php(95): CBaseController->renderInternal('/var/www/html/y...', Array, true)
#14 /var/www/html/yii1/framework/web/CController.php(787): CBaseController->renderFile('/var/www/html/y...', Array, true)
#15 /var/www/html/yii1/protected/controllers/ContactController.php(29): CController->render('index')
#16 /var/www/html/yii1/framework/web/actions/CInlineAction.php(49): ContactController->actionIndex()
#17 /var/www/html/yii1/framework/web/CController.php(308): CInlineAction->runWithParams(Array)
#18 /var/www/html/yii1/framework/web/CController.php(286): CController->runAction(Object(CInlineAction))
#19 /var/www/html/yii1/framework/web/CController.php(265): CController->runActionWithFilters(Object(CInlineAction), Array)
#20 /var/www/html/yii1/framework/web/CWebApplication.php(282): CController->run('')
#21 /var/www/html/yii1/framework/web/CWebApplication.php(141): CWebApplication->runController('contact')
#22 /var/www/html/yii1/framework/base/CApplication.php(185): CWebApplication->processRequest()
#23 /var/www/html/yii1/index.php(13): CApplication->run()
#24 {main}
REQUEST_URI=/yii1/index.php?r=contact
---
2018/08/10 06:49:01 [error] [exception.CException] exception 'CException' with message 'Alias "ext.path_to.Bootstrap" is invalid. Make sure it points to an existing PHP file and the file is readable.' in /var/www/html/yii1/framework/YiiBase.php:330
Stack trace:
#0 /var/www/html/yii1/framework/YiiBase.php(204): YiiBase::import('ext.path_to.Boo...', true)
#1 /var/www/html/yii1/framework/base/CModule.php(393): YiiBase::createComponent(Array)
#2 /var/www/html/yii1/framework/base/CModule.php(103): CModule->getComponent('bootstrap')
#3 /var/www/html/yii1/themes/bootstrap/views/layouts/main.php(12): CModule->__get('bootstrap')
#4 /var/www/html/yii1/framework/web/CBaseController.php(126): require('/var/www/html/y...')
#5 /var/www/html/yii1/framework/web/CBaseController.php(95): CBaseController->renderInternal('/var/www/html/y...', Array, true)
#6 /var/www/html/yii1/framework/web/widgets/CContentDecorator.php(76): CBaseController->renderFile('/var/www/html/y...', Array, true)
#7 /var/www/html/yii1/framework/web/widgets/CContentDecorator.php(54): CContentDecorator->decorate('<div id="conten...')
#8 /var/www/html/yii1/framework/web/widgets/COutputProcessor.php(44): CContentDecorator->processOutput('<div id="conten...')
#9 /var/www/html/yii1/framework/web/CBaseController.php(215): COutputProcessor->run()
#10 /var/www/html/yii1/framework/web/CBaseController.php(309): CBaseController->endWidget('CContentDecorat...')
#11 /var/www/html/yii1/protected/views/layouts/column1.php(6): CBaseController->endContent()
#12 /var/www/html/yii1/framework/web/CBaseController.php(126): require('/var/www/html/y...')
#13 /var/www/html/yii1/framework/web/CBaseController.php(95): CBaseController->renderInternal('/var/www/html/y...', Array, true)
#14 /var/www/html/yii1/framework/web/CController.php(787): CBaseController->renderFile('/var/www/html/y...', Array, true)
#15 /var/www/html/yii1/protected/controllers/ContactController.php(29): CController->render('index')
#16 /var/www/html/yii1/framework/web/actions/CInlineAction.php(49): ContactController->actionIndex()
#17 /var/www/html/yii1/framework/web/CController.php(308): CInlineAction->runWithParams(Array)
#18 /var/www/html/yii1/framework/web/CController.php(286): CController->runAction(Object(CInlineAction))
#19 /var/www/html/yii1/framework/web/CController.php(265): CController->runActionWithFilters(Object(CInlineAction), Array)
#20 /var/www/html/yii1/framework/web/CWebApplication.php(282): CController->run('')
#21 /var/www/html/yii1/framework/web/CWebApplication.php(141): CWebApplication->runController('contact')
#22 /var/www/html/yii1/framework/base/CApplication.php(185): CWebApplication->processRequest()
#23 /var/www/html/yii1/index.php(13): CApplication->run()
#24 {main}
REQUEST_URI=/yii1/index.php?r=contact
---
2018/08/10 06:49:24 [error] [exception.CException] exception 'CException' with message 'Alias "ext.bootstrap.src.components.Bootstrap" is invalid. Make sure it points to an existing PHP file and the file is readable.' in /var/www/html/yii1/framework/YiiBase.php:330
Stack trace:
#0 /var/www/html/yii1/framework/YiiBase.php(204): YiiBase::import('ext.bootstrap.s...', true)
#1 /var/www/html/yii1/framework/base/CModule.php(393): YiiBase::createComponent(Array)
#2 /var/www/html/yii1/framework/base/CModule.php(103): CModule->getComponent('bootstrap')
#3 /var/www/html/yii1/themes/bootstrap/views/layouts/main.php(12): CModule->__get('bootstrap')
#4 /var/www/html/yii1/framework/web/CBaseController.php(126): require('/var/www/html/y...')
#5 /var/www/html/yii1/framework/web/CBaseController.php(95): CBaseController->renderInternal('/var/www/html/y...', Array, true)
#6 /var/www/html/yii1/framework/web/widgets/CContentDecorator.php(76): CBaseController->renderFile('/var/www/html/y...', Array, true)
#7 /var/www/html/yii1/framework/web/widgets/CContentDecorator.php(54): CContentDecorator->decorate('<div id="conten...')
#8 /var/www/html/yii1/framework/web/widgets/COutputProcessor.php(44): CContentDecorator->processOutput('<div id="conten...')
#9 /var/www/html/yii1/framework/web/CBaseController.php(215): COutputProcessor->run()
#10 /var/www/html/yii1/framework/web/CBaseController.php(309): CBaseController->endWidget('CContentDecorat...')
#11 /var/www/html/yii1/protected/views/layouts/column1.php(6): CBaseController->endContent()
#12 /var/www/html/yii1/framework/web/CBaseController.php(126): require('/var/www/html/y...')
#13 /var/www/html/yii1/framework/web/CBaseController.php(95): CBaseController->renderInternal('/var/www/html/y...', Array, true)
#14 /var/www/html/yii1/framework/web/CController.php(787): CBaseController->renderFile('/var/www/html/y...', Array, true)
#15 /var/www/html/yii1/protected/controllers/ContactController.php(29): CController->render('index')
#16 /var/www/html/yii1/framework/web/actions/CInlineAction.php(49): ContactController->actionIndex()
#17 /var/www/html/yii1/framework/web/CController.php(308): CInlineAction->runWithParams(Array)
#18 /var/www/html/yii1/framework/web/CController.php(286): CController->runAction(Object(CInlineAction))
#19 /var/www/html/yii1/framework/web/CController.php(265): CController->runActionWithFilters(Object(CInlineAction), Array)
#20 /var/www/html/yii1/framework/web/CWebApplication.php(282): CController->run('')
#21 /var/www/html/yii1/framework/web/CWebApplication.php(141): CWebApplication->runController('contact')
#22 /var/www/html/yii1/framework/base/CApplication.php(185): CWebApplication->processRequest()
#23 /var/www/html/yii1/index.php(13): CApplication->run()
#24 {main}
REQUEST_URI=/yii1/index.php?r=contact
---
2018/08/10 06:51:02 [error] [exception.CException] exception 'CException' with message 'Alias "bootstrap.components.Bootstrap" is invalid. Make sure it points to an existing PHP file and the file is readable.' in /var/www/html/yii1/framework/YiiBase.php:330
Stack trace:
#0 /var/www/html/yii1/framework/YiiBase.php(204): YiiBase::import('bootstrap.compo...', true)
#1 /var/www/html/yii1/framework/base/CModule.php(393): YiiBase::createComponent(Array)
#2 /var/www/html/yii1/framework/base/CModule.php(103): CModule->getComponent('bootstrap')
#3 /var/www/html/yii1/themes/bootstrap/views/layouts/main.php(12): CModule->__get('bootstrap')
#4 /var/www/html/yii1/framework/web/CBaseController.php(126): require('/var/www/html/y...')
#5 /var/www/html/yii1/framework/web/CBaseController.php(95): CBaseController->renderInternal('/var/www/html/y...', Array, true)
#6 /var/www/html/yii1/framework/web/widgets/CContentDecorator.php(76): CBaseController->renderFile('/var/www/html/y...', Array, true)
#7 /var/www/html/yii1/framework/web/widgets/CContentDecorator.php(54): CContentDecorator->decorate('<div id="conten...')
#8 /var/www/html/yii1/framework/web/widgets/COutputProcessor.php(44): CContentDecorator->processOutput('<div id="conten...')
#9 /var/www/html/yii1/framework/web/CBaseController.php(215): COutputProcessor->run()
#10 /var/www/html/yii1/framework/web/CBaseController.php(309): CBaseController->endWidget('CContentDecorat...')
#11 /var/www/html/yii1/protected/views/layouts/column1.php(6): CBaseController->endContent()
#12 /var/www/html/yii1/framework/web/CBaseController.php(126): require('/var/www/html/y...')
#13 /var/www/html/yii1/framework/web/CBaseController.php(95): CBaseController->renderInternal('/var/www/html/y...', Array, true)
#14 /var/www/html/yii1/framework/web/CController.php(787): CBaseController->renderFile('/var/www/html/y...', Array, true)
#15 /var/www/html/yii1/protected/controllers/ContactController.php(29): CController->render('index')
#16 /var/www/html/yii1/framework/web/actions/CInlineAction.php(49): ContactController->actionIndex()
#17 /var/www/html/yii1/framework/web/CController.php(308): CInlineAction->runWithParams(Array)
#18 /var/www/html/yii1/framework/web/CController.php(286): CController->runAction(Object(CInlineAction))
#19 /var/www/html/yii1/framework/web/CController.php(265): CController->runActionWithFilters(Object(CInlineAction), Array)
#20 /var/www/html/yii1/framework/web/CWebApplication.php(282): CController->run('')
#21 /var/www/html/yii1/framework/web/CWebApplication.php(141): CWebApplication->runController('contact')
#22 /var/www/html/yii1/framework/base/CApplication.php(185): CWebApplication->processRequest()
#23 /var/www/html/yii1/index.php(13): CApplication->run()
#24 {main}
REQUEST_URI=/yii1/index.php?r=contact
---
2018/08/10 06:51:04 [error] [exception.CException] exception 'CException' with message 'Alias "bootstrap.components.Bootstrap" is invalid. Make sure it points to an existing PHP file and the file is readable.' in /var/www/html/yii1/framework/YiiBase.php:330
Stack trace:
#0 /var/www/html/yii1/framework/YiiBase.php(204): YiiBase::import('bootstrap.compo...', true)
#1 /var/www/html/yii1/framework/base/CModule.php(393): YiiBase::createComponent(Array)
#2 /var/www/html/yii1/framework/base/CModule.php(103): CModule->getComponent('bootstrap')
#3 /var/www/html/yii1/themes/bootstrap/views/layouts/main.php(12): CModule->__get('bootstrap')
#4 /var/www/html/yii1/framework/web/CBaseController.php(126): require('/var/www/html/y...')
#5 /var/www/html/yii1/framework/web/CBaseController.php(95): CBaseController->renderInternal('/var/www/html/y...', Array, true)
#6 /var/www/html/yii1/framework/web/widgets/CContentDecorator.php(76): CBaseController->renderFile('/var/www/html/y...', Array, true)
#7 /var/www/html/yii1/framework/web/widgets/CContentDecorator.php(54): CContentDecorator->decorate('<div id="conten...')
#8 /var/www/html/yii1/framework/web/widgets/COutputProcessor.php(44): CContentDecorator->processOutput('<div id="conten...')
#9 /var/www/html/yii1/framework/web/CBaseController.php(215): COutputProcessor->run()
#10 /var/www/html/yii1/framework/web/CBaseController.php(309): CBaseController->endWidget('CContentDecorat...')
#11 /var/www/html/yii1/protected/views/layouts/column1.php(6): CBaseController->endContent()
#12 /var/www/html/yii1/framework/web/CBaseController.php(126): require('/var/www/html/y...')
#13 /var/www/html/yii1/framework/web/CBaseController.php(95): CBaseController->renderInternal('/var/www/html/y...', Array, true)
#14 /var/www/html/yii1/framework/web/CController.php(787): CBaseController->renderFile('/var/www/html/y...', Array, true)
#15 /var/www/html/yii1/protected/controllers/ContactController.php(29): CController->render('index')
#16 /var/www/html/yii1/framework/web/actions/CInlineAction.php(49): ContactController->actionIndex()
#17 /var/www/html/yii1/framework/web/CController.php(308): CInlineAction->runWithParams(Array)
#18 /var/www/html/yii1/framework/web/CController.php(286): CController->runAction(Object(CInlineAction))
#19 /var/www/html/yii1/framework/web/CController.php(265): CController->runActionWithFilters(Object(CInlineAction), Array)
#20 /var/www/html/yii1/framework/web/CWebApplication.php(282): CController->run('')
#21 /var/www/html/yii1/framework/web/CWebApplication.php(141): CWebApplication->runController('contact')
#22 /var/www/html/yii1/framework/base/CApplication.php(185): CWebApplication->processRequest()
#23 /var/www/html/yii1/index.php(13): CApplication->run()
#24 {main}
REQUEST_URI=/yii1/index.php?r=contact
---
2018/08/10 06:54:11 [error] [exception.CException] exception 'CException' with message 'The asset "/var/www/html/yii1/protected/../extensions/bootstrap/assets" to be published does not exist.' in /var/www/html/yii1/framework/web/CAssetManager.php:257
Stack trace:
#0 /var/www/html/yii1/protected/extensions/bootstrap/components/Bootstrap.php(306): CAssetManager->publish('/var/www/html/y...', true, -1, false)
#1 /var/www/html/yii1/protected/extensions/bootstrap/components/Bootstrap.php(50): Bootstrap->getAssetsUrl()
#2 /var/www/html/yii1/protected/extensions/bootstrap/components/Bootstrap.php(81): Bootstrap->registerCoreCss()
#3 /var/www/html/yii1/protected/extensions/bootstrap/components/Bootstrap.php(115): Bootstrap->registerAllCss()
#4 /var/www/html/yii1/themes/bootstrap/views/layouts/main.php(12): Bootstrap->register()
#5 /var/www/html/yii1/framework/web/CBaseController.php(126): require('/var/www/html/y...')
#6 /var/www/html/yii1/framework/web/CBaseController.php(95): CBaseController->renderInternal('/var/www/html/y...', Array, true)
#7 /var/www/html/yii1/framework/web/widgets/CContentDecorator.php(76): CBaseController->renderFile('/var/www/html/y...', Array, true)
#8 /var/www/html/yii1/framework/web/widgets/CContentDecorator.php(54): CContentDecorator->decorate('<div id="conten...')
#9 /var/www/html/yii1/framework/web/widgets/COutputProcessor.php(44): CContentDecorator->processOutput('<div id="conten...')
#10 /var/www/html/yii1/framework/web/CBaseController.php(215): COutputProcessor->run()
#11 /var/www/html/yii1/framework/web/CBaseController.php(309): CBaseController->endWidget('CContentDecorat...')
#12 /var/www/html/yii1/protected/views/layouts/column1.php(6): CBaseController->endContent()
#13 /var/www/html/yii1/framework/web/CBaseController.php(126): require('/var/www/html/y...')
#14 /var/www/html/yii1/framework/web/CBaseController.php(95): CBaseController->renderInternal('/var/www/html/y...', Array, true)
#15 /var/www/html/yii1/framework/web/CController.php(787): CBaseController->renderFile('/var/www/html/y...', Array, true)
#16 /var/www/html/yii1/protected/controllers/ContactController.php(29): CController->render('index')
#17 /var/www/html/yii1/framework/web/actions/CInlineAction.php(49): ContactController->actionIndex()
#18 /var/www/html/yii1/framework/web/CController.php(308): CInlineAction->runWithParams(Array)
#19 /var/www/html/yii1/framework/web/CController.php(286): CController->runAction(Object(CInlineAction))
#20 /var/www/html/yii1/framework/web/CController.php(265): CController->runActionWithFilters(Object(CInlineAction), Array)
#21 /var/www/html/yii1/framework/web/CWebApplication.php(282): CController->run('')
#22 /var/www/html/yii1/framework/web/CWebApplication.php(141): CWebApplication->runController('contact')
#23 /var/www/html/yii1/framework/base/CApplication.php(185): CWebApplication->processRequest()
#24 /var/www/html/yii1/index.php(13): CApplication->run()
#25 {main}
REQUEST_URI=/yii1/index.php?r=contact
---
2018/08/10 06:55:06 [error] [exception.CException] exception 'CException' with message 'Alias "extensions.bootstrap.components.Bootstrap" is invalid. Make sure it points to an existing directory or file.' in /var/www/html/yii1/framework/YiiBase.php:355
Stack trace:
#0 /var/www/html/yii1/framework/YiiBase.php(204): YiiBase::import('extensions.boot...', true)
#1 /var/www/html/yii1/framework/base/CModule.php(393): YiiBase::createComponent(Array)
#2 /var/www/html/yii1/framework/base/CModule.php(103): CModule->getComponent('bootstrap')
#3 /var/www/html/yii1/themes/bootstrap/views/layouts/main.php(12): CModule->__get('bootstrap')
#4 /var/www/html/yii1/framework/web/CBaseController.php(126): require('/var/www/html/y...')
#5 /var/www/html/yii1/framework/web/CBaseController.php(95): CBaseController->renderInternal('/var/www/html/y...', Array, true)
#6 /var/www/html/yii1/framework/web/widgets/CContentDecorator.php(76): CBaseController->renderFile('/var/www/html/y...', Array, true)
#7 /var/www/html/yii1/framework/web/widgets/CContentDecorator.php(54): CContentDecorator->decorate('<div id="conten...')
#8 /var/www/html/yii1/framework/web/widgets/COutputProcessor.php(44): CContentDecorator->processOutput('<div id="conten...')
#9 /var/www/html/yii1/framework/web/CBaseController.php(215): COutputProcessor->run()
#10 /var/www/html/yii1/framework/web/CBaseController.php(309): CBaseController->endWidget('CContentDecorat...')
#11 /var/www/html/yii1/protected/views/layouts/column1.php(6): CBaseController->endContent()
#12 /var/www/html/yii1/framework/web/CBaseController.php(126): require('/var/www/html/y...')
#13 /var/www/html/yii1/framework/web/CBaseController.php(95): CBaseController->renderInternal('/var/www/html/y...', Array, true)
#14 /var/www/html/yii1/framework/web/CController.php(787): CBaseController->renderFile('/var/www/html/y...', Array, true)
#15 /var/www/html/yii1/protected/controllers/ContactController.php(29): CController->render('index')
#16 /var/www/html/yii1/framework/web/actions/CInlineAction.php(49): ContactController->actionIndex()
#17 /var/www/html/yii1/framework/web/CController.php(308): CInlineAction->runWithParams(Array)
#18 /var/www/html/yii1/framework/web/CController.php(286): CController->runAction(Object(CInlineAction))
#19 /var/www/html/yii1/framework/web/CController.php(265): CController->runActionWithFilters(Object(CInlineAction), Array)
#20 /var/www/html/yii1/framework/web/CWebApplication.php(282): CController->run('')
#21 /var/www/html/yii1/framework/web/CWebApplication.php(141): CWebApplication->runController('contact')
#22 /var/www/html/yii1/framework/base/CApplication.php(185): CWebApplication->processRequest()
#23 /var/www/html/yii1/index.php(13): CApplication->run()
#24 {main}
REQUEST_URI=/yii1/index.php?r=contact
---
2018/08/10 06:58:18 [error] [exception.CException] exception 'CException' with message 'Alias "ext.bootstrap.src.components.Bootstrap" is invalid. Make sure it points to an existing PHP file and the file is readable.' in /var/www/html/yii1/framework/YiiBase.php:330
Stack trace:
#0 /var/www/html/yii1/framework/YiiBase.php(204): YiiBase::import('ext.bootstrap.s...', true)
#1 /var/www/html/yii1/framework/base/CModule.php(393): YiiBase::createComponent(Array)
#2 /var/www/html/yii1/framework/base/CModule.php(103): CModule->getComponent('bootstrap')
#3 /var/www/html/yii1/themes/bootstrap/views/layouts/main.php(12): CModule->__get('bootstrap')
#4 /var/www/html/yii1/framework/web/CBaseController.php(126): require('/var/www/html/y...')
#5 /var/www/html/yii1/framework/web/CBaseController.php(95): CBaseController->renderInternal('/var/www/html/y...', Array, true)
#6 /var/www/html/yii1/framework/web/widgets/CContentDecorator.php(76): CBaseController->renderFile('/var/www/html/y...', Array, true)
#7 /var/www/html/yii1/framework/web/widgets/CContentDecorator.php(54): CContentDecorator->decorate('<div id="conten...')
#8 /var/www/html/yii1/framework/web/widgets/COutputProcessor.php(44): CContentDecorator->processOutput('<div id="conten...')
#9 /var/www/html/yii1/framework/web/CBaseController.php(215): COutputProcessor->run()
#10 /var/www/html/yii1/framework/web/CBaseController.php(309): CBaseController->endWidget('CContentDecorat...')
#11 /var/www/html/yii1/protected/views/layouts/column1.php(6): CBaseController->endContent()
#12 /var/www/html/yii1/framework/web/CBaseController.php(126): require('/var/www/html/y...')
#13 /var/www/html/yii1/framework/web/CBaseController.php(95): CBaseController->renderInternal('/var/www/html/y...', Array, true)
#14 /var/www/html/yii1/framework/web/CController.php(787): CBaseController->renderFile('/var/www/html/y...', Array, true)
#15 /var/www/html/yii1/protected/controllers/ContactController.php(29): CController->render('index')
#16 /var/www/html/yii1/framework/web/actions/CInlineAction.php(49): ContactController->actionIndex()
#17 /var/www/html/yii1/framework/web/CController.php(308): CInlineAction->runWithParams(Array)
#18 /var/www/html/yii1/framework/web/CController.php(286): CController->runAction(Object(CInlineAction))
#19 /var/www/html/yii1/framework/web/CController.php(265): CController->runActionWithFilters(Object(CInlineAction), Array)
#20 /var/www/html/yii1/framework/web/CWebApplication.php(282): CController->run('')
#21 /var/www/html/yii1/framework/web/CWebApplication.php(141): CWebApplication->runController('contact')
#22 /var/www/html/yii1/framework/base/CApplication.php(185): CWebApplication->processRequest()
#23 /var/www/html/yii1/index.php(13): CApplication->run()
#24 {main}
REQUEST_URI=/yii1/index.php?r=contact
---
2018/08/10 06:58:36 [error] [exception.CException] exception 'CException' with message 'Object configuration must be an array containing a "class" element.' in /var/www/html/yii1/framework/YiiBase.php:201
Stack trace:
#0 /var/www/html/yii1/framework/base/CModule.php(393): YiiBase::createComponent(Array)
#1 /var/www/html/yii1/framework/base/CModule.php(103): CModule->getComponent('bootstrap')
#2 /var/www/html/yii1/themes/bootstrap/views/layouts/main.php(12): CModule->__get('bootstrap')
#3 /var/www/html/yii1/framework/web/CBaseController.php(126): require('/var/www/html/y...')
#4 /var/www/html/yii1/framework/web/CBaseController.php(95): CBaseController->renderInternal('/var/www/html/y...', Array, true)
#5 /var/www/html/yii1/framework/web/widgets/CContentDecorator.php(76): CBaseController->renderFile('/var/www/html/y...', Array, true)
#6 /var/www/html/yii1/framework/web/widgets/CContentDecorator.php(54): CContentDecorator->decorate('<div id="conten...')
#7 /var/www/html/yii1/framework/web/widgets/COutputProcessor.php(44): CContentDecorator->processOutput('<div id="conten...')
#8 /var/www/html/yii1/framework/web/CBaseController.php(215): COutputProcessor->run()
#9 /var/www/html/yii1/framework/web/CBaseController.php(309): CBaseController->endWidget('CContentDecorat...')
#10 /var/www/html/yii1/protected/views/layouts/column1.php(6): CBaseController->endContent()
#11 /var/www/html/yii1/framework/web/CBaseController.php(126): require('/var/www/html/y...')
#12 /var/www/html/yii1/framework/web/CBaseController.php(95): CBaseController->renderInternal('/var/www/html/y...', Array, true)
#13 /var/www/html/yii1/framework/web/CController.php(787): CBaseController->renderFile('/var/www/html/y...', Array, true)
#14 /var/www/html/yii1/protected/controllers/ContactController.php(29): CController->render('index')
#15 /var/www/html/yii1/framework/web/actions/CInlineAction.php(49): ContactController->actionIndex()
#16 /var/www/html/yii1/framework/web/CController.php(308): CInlineAction->runWithParams(Array)
#17 /var/www/html/yii1/framework/web/CController.php(286): CController->runAction(Object(CInlineAction))
#18 /var/www/html/yii1/framework/web/CController.php(265): CController->runActionWithFilters(Object(CInlineAction), Array)
#19 /var/www/html/yii1/framework/web/CWebApplication.php(282): CController->run('')
#20 /var/www/html/yii1/framework/web/CWebApplication.php(141): CWebApplication->runController('contact')
#21 /var/www/html/yii1/framework/base/CApplication.php(185): CWebApplication->processRequest()
#22 /var/www/html/yii1/index.php(13): CApplication->run()
#23 {main}
REQUEST_URI=/yii1/index.php?r=contact
---
2018/08/10 06:59:37 [error] [php] include(bootstrap.php): failed to open stream: No such file or directory (/var/www/html/yii1/framework/YiiBase.php:463)
Stack trace:
#0 unknown(0): spl_autoload_call()
#1 /var/www/html/yii1/framework/YiiBase.php(310): class_exists()
#2 /var/www/html/yii1/framework/YiiBase.php(204): import()
#3 /var/www/html/yii1/framework/base/CModule.php(393): createComponent()
#4 /var/www/html/yii1/framework/base/CModule.php(103): CWebApplication->getComponent()
#5 /var/www/html/yii1/themes/bootstrap/views/layouts/main.php(12): CWebApplication->__get()
#6 /var/www/html/yii1/framework/web/CBaseController.php(126): require()
#7 /var/www/html/yii1/framework/web/CBaseController.php(95): ContactController->renderInternal()
#8 /var/www/html/yii1/framework/web/widgets/CContentDecorator.php(76): ContactController->renderFile()
#9 /var/www/html/yii1/framework/web/widgets/CContentDecorator.php(54): CContentDecorator->decorate()
#10 /var/www/html/yii1/framework/web/widgets/COutputProcessor.php(44): CContentDecorator->processOutput()
#11 /var/www/html/yii1/framework/web/CBaseController.php(215): CContentDecorator->run()
#12 /var/www/html/yii1/framework/web/CBaseController.php(309): ContactController->endWidget()
#13 /var/www/html/yii1/protected/views/layouts/column1.php(6): ContactController->endContent()
#14 /var/www/html/yii1/framework/web/CBaseController.php(126): require()
#15 /var/www/html/yii1/framework/web/CBaseController.php(95): ContactController->renderInternal()
#16 /var/www/html/yii1/framework/web/CController.php(787): ContactController->renderFile()
#17 /var/www/html/yii1/protected/controllers/ContactController.php(29): ContactController->render()
#18 /var/www/html/yii1/framework/web/actions/CInlineAction.php(49): ContactController->actionIndex()
#19 /var/www/html/yii1/framework/web/CController.php(308): CInlineAction->runWithParams()
#20 /var/www/html/yii1/framework/web/CController.php(286): ContactController->runAction()
#21 /var/www/html/yii1/framework/web/CController.php(265): ContactController->runActionWithFilters()
#22 /var/www/html/yii1/framework/web/CWebApplication.php(282): ContactController->run()
#23 /var/www/html/yii1/framework/web/CWebApplication.php(141): CWebApplication->runController()
#24 /var/www/html/yii1/framework/base/CApplication.php(185): CWebApplication->processRequest()
#25 /var/www/html/yii1/index.php(13): CWebApplication->run()
REQUEST_URI=/yii1/index.php?r=contact
in /var/www/html/yii1/themes/bootstrap/views/layouts/main.php (12)
in /var/www/html/yii1/protected/views/layouts/column1.php (6)
in /var/www/html/yii1/protected/controllers/ContactController.php (29)
2018/08/10 07:00:39 [error] [exception.CException] exception 'CException' with message 'Alias "extensions.bootstrap" is invalid. Make sure it points to an existing directory or file.' in /var/www/html/yii1/framework/YiiBase.php:355
Stack trace:
#0 /var/www/html/yii1/framework/YiiBase.php(204): YiiBase::import('extensions.boot...', true)
#1 /var/www/html/yii1/framework/base/CModule.php(393): YiiBase::createComponent(Array)
#2 /var/www/html/yii1/framework/base/CModule.php(103): CModule->getComponent('bootstrap')
#3 /var/www/html/yii1/themes/bootstrap/views/layouts/main.php(12): CModule->__get('bootstrap')
#4 /var/www/html/yii1/framework/web/CBaseController.php(126): require('/var/www/html/y...')
#5 /var/www/html/yii1/framework/web/CBaseController.php(95): CBaseController->renderInternal('/var/www/html/y...', Array, true)
#6 /var/www/html/yii1/framework/web/widgets/CContentDecorator.php(76): CBaseController->renderFile('/var/www/html/y...', Array, true)
#7 /var/www/html/yii1/framework/web/widgets/CContentDecorator.php(54): CContentDecorator->decorate('<div id="conten...')
#8 /var/www/html/yii1/framework/web/widgets/COutputProcessor.php(44): CContentDecorator->processOutput('<div id="conten...')
#9 /var/www/html/yii1/framework/web/CBaseController.php(215): COutputProcessor->run()
#10 /var/www/html/yii1/framework/web/CBaseController.php(309): CBaseController->endWidget('CContentDecorat...')
#11 /var/www/html/yii1/protected/views/layouts/column1.php(6): CBaseController->endContent()
#12 /var/www/html/yii1/framework/web/CBaseController.php(126): require('/var/www/html/y...')
#13 /var/www/html/yii1/framework/web/CBaseController.php(95): CBaseController->renderInternal('/var/www/html/y...', Array, true)
#14 /var/www/html/yii1/framework/web/CController.php(787): CBaseController->renderFile('/var/www/html/y...', Array, true)
#15 /var/www/html/yii1/protected/controllers/ContactController.php(29): CController->render('index')
#16 /var/www/html/yii1/framework/web/actions/CInlineAction.php(49): ContactController->actionIndex()
#17 /var/www/html/yii1/framework/web/CController.php(308): CInlineAction->runWithParams(Array)
#18 /var/www/html/yii1/framework/web/CController.php(286): CController->runAction(Object(CInlineAction))
#19 /var/www/html/yii1/framework/web/CController.php(265): CController->runActionWithFilters(Object(CInlineAction), Array)
#20 /var/www/html/yii1/framework/web/CWebApplication.php(282): CController->run('')
#21 /var/www/html/yii1/framework/web/CWebApplication.php(141): CWebApplication->runController('contact')
#22 /var/www/html/yii1/framework/base/CApplication.php(185): CWebApplication->processRequest()
#23 /var/www/html/yii1/index.php(13): CApplication->run()
#24 {main}
REQUEST_URI=/yii1/index.php?r=contact
---
2018/08/10 09:18:40 [error] [php] include(Contacts.php): failed to open stream: No such file or directory (/var/www/html/yii1/framework/YiiBase.php:463)
Stack trace:
#0 /var/www/html/yii1/protected/views/contact/index.php(19): spl_autoload_call()
#1 /var/www/html/yii1/framework/web/CBaseController.php(126): require()
#2 /var/www/html/yii1/framework/web/CBaseController.php(95): ContactController->renderInternal()
#3 /var/www/html/yii1/framework/web/CController.php(872): ContactController->renderFile()
#4 /var/www/html/yii1/framework/web/CController.php(785): ContactController->renderPartial()
#5 /var/www/html/yii1/protected/controllers/ContactController.php(29): ContactController->render()
#6 /var/www/html/yii1/framework/web/actions/CInlineAction.php(49): ContactController->actionIndex()
#7 /var/www/html/yii1/framework/web/CController.php(308): CInlineAction->runWithParams()
#8 /var/www/html/yii1/framework/web/CController.php(286): ContactController->runAction()
#9 /var/www/html/yii1/framework/web/CController.php(265): ContactController->runActionWithFilters()
#10 /var/www/html/yii1/framework/web/CWebApplication.php(282): ContactController->run()
#11 /var/www/html/yii1/framework/web/CWebApplication.php(141): CWebApplication->runController()
#12 /var/www/html/yii1/framework/base/CApplication.php(185): CWebApplication->processRequest()
#13 /var/www/html/yii1/index.php(13): CWebApplication->run()
REQUEST_URI=/yii1/index.php?r=contact
in /var/www/html/yii1/protected/views/contact/index.php (19)
in /var/www/html/yii1/protected/controllers/ContactController.php (29)
in /var/www/html/yii1/index.php (13)
2018/08/10 09:23:35 [error] [php] include(Contacts.php): failed to open stream: No such file or directory (/var/www/html/yii1/framework/YiiBase.php:463)
Stack trace:
#0 /var/www/html/yii1/protected/views/contact/index.php(19): spl_autoload_call()
#1 /var/www/html/yii1/framework/web/CBaseController.php(126): require()
#2 /var/www/html/yii1/framework/web/CBaseController.php(95): ContactController->renderInternal()
#3 /var/www/html/yii1/framework/web/CController.php(872): ContactController->renderFile()
#4 /var/www/html/yii1/framework/web/CController.php(785): ContactController->renderPartial()
#5 /var/www/html/yii1/protected/controllers/ContactController.php(29): ContactController->render()
#6 /var/www/html/yii1/framework/web/actions/CInlineAction.php(49): ContactController->actionIndex()
#7 /var/www/html/yii1/framework/web/CController.php(308): CInlineAction->runWithParams()
#8 /var/www/html/yii1/framework/web/CController.php(286): ContactController->runAction()
#9 /var/www/html/yii1/framework/web/CController.php(265): ContactController->runActionWithFilters()
#10 /var/www/html/yii1/framework/web/CWebApplication.php(282): ContactController->run()
#11 /var/www/html/yii1/framework/web/CWebApplication.php(141): CWebApplication->runController()
#12 /var/www/html/yii1/framework/base/CApplication.php(185): CWebApplication->processRequest()
#13 /var/www/html/yii1/index.php(13): CWebApplication->run()
REQUEST_URI=/yii1/index.php?r=contact
in /var/www/html/yii1/protected/views/contact/index.php (19)
in /var/www/html/yii1/protected/controllers/ContactController.php (29)
in /var/www/html/yii1/index.php (13)
2018/08/10 09:25:17 [error] [php] include(Contacts.php): failed to open stream: No such file or directory (/var/www/html/yii1/framework/YiiBase.php:463)
Stack trace:
#0 /var/www/html/yii1/protected/views/contact/index.php(19): spl_autoload_call()
#1 /var/www/html/yii1/framework/web/CBaseController.php(126): require()
#2 /var/www/html/yii1/framework/web/CBaseController.php(95): ContactController->renderInternal()
#3 /var/www/html/yii1/framework/web/CController.php(872): ContactController->renderFile()
#4 /var/www/html/yii1/framework/web/CController.php(785): ContactController->renderPartial()
#5 /var/www/html/yii1/protected/controllers/ContactController.php(29): ContactController->render()
#6 /var/www/html/yii1/framework/web/actions/CInlineAction.php(49): ContactController->actionIndex()
#7 /var/www/html/yii1/framework/web/CController.php(308): CInlineAction->runWithParams()
#8 /var/www/html/yii1/framework/web/CController.php(286): ContactController->runAction()
#9 /var/www/html/yii1/framework/web/CController.php(265): ContactController->runActionWithFilters()
#10 /var/www/html/yii1/framework/web/CWebApplication.php(282): ContactController->run()
#11 /var/www/html/yii1/framework/web/CWebApplication.php(141): CWebApplication->runController()
#12 /var/www/html/yii1/framework/base/CApplication.php(185): CWebApplication->processRequest()
#13 /var/www/html/yii1/index.php(13): CWebApplication->run()
REQUEST_URI=/yii1/index.php?r=contact
in /var/www/html/yii1/protected/views/contact/index.php (19)
in /var/www/html/yii1/protected/controllers/ContactController.php (29)
in /var/www/html/yii1/index.php (13)
2018/08/10 09:43:54 [error] [php] Array to string conversion (/var/www/html/yii1/protected/views/contact/index.php:24)
Stack trace:
#0 /var/www/html/yii1/framework/web/CController.php(872): ContactController->renderFile()
#1 /var/www/html/yii1/framework/web/CController.php(785): ContactController->renderPartial()
#2 /var/www/html/yii1/protected/controllers/ContactController.php(29): ContactController->render()
#3 /var/www/html/yii1/framework/web/actions/CInlineAction.php(49): ContactController->actionIndex()
#4 /var/www/html/yii1/framework/web/CController.php(308): CInlineAction->runWithParams()
#5 /var/www/html/yii1/framework/web/CController.php(286): ContactController->runAction()
#6 /var/www/html/yii1/framework/web/CController.php(265): ContactController->runActionWithFilters()
#7 /var/www/html/yii1/framework/web/CWebApplication.php(282): ContactController->run()
#8 /var/www/html/yii1/framework/web/CWebApplication.php(141): CWebApplication->runController()
#9 /var/www/html/yii1/framework/base/CApplication.php(185): CWebApplication->processRequest()
#10 /var/www/html/yii1/index.php(13): CWebApplication->run()
REQUEST_URI=/yii1/index.php?r=contact
in /var/www/html/yii1/protected/views/contact/index.php (24)
in /var/www/html/yii1/protected/controllers/ContactController.php (29)
in /var/www/html/yii1/index.php (13)
2018/08/10 09:44:16 [error] [php] Array to string conversion (/var/www/html/yii1/protected/views/contact/index.php:24)
Stack trace:
#0 /var/www/html/yii1/framework/web/CController.php(872): ContactController->renderFile()
#1 /var/www/html/yii1/framework/web/CController.php(785): ContactController->renderPartial()
#2 /var/www/html/yii1/protected/controllers/ContactController.php(29): ContactController->render()
#3 /var/www/html/yii1/framework/web/actions/CInlineAction.php(49): ContactController->actionIndex()
#4 /var/www/html/yii1/framework/web/CController.php(308): CInlineAction->runWithParams()
#5 /var/www/html/yii1/framework/web/CController.php(286): ContactController->runAction()
#6 /var/www/html/yii1/framework/web/CController.php(265): ContactController->runActionWithFilters()
#7 /var/www/html/yii1/framework/web/CWebApplication.php(282): ContactController->run()
#8 /var/www/html/yii1/framework/web/CWebApplication.php(141): CWebApplication->runController()
#9 /var/www/html/yii1/framework/base/CApplication.php(185): CWebApplication->processRequest()
#10 /var/www/html/yii1/index.php(13): CWebApplication->run()
REQUEST_URI=/yii1/index.php?r=contact
in /var/www/html/yii1/protected/views/contact/index.php (24)
in /var/www/html/yii1/protected/controllers/ContactController.php (29)
in /var/www/html/yii1/index.php (13)
2018/08/10 09:45:18 [error] [php] Undefined offset: 0 (/var/www/html/yii1/protected/views/contact/index.php:24)
Stack trace:
#0 /var/www/html/yii1/framework/web/CController.php(872): ContactController->renderFile()
#1 /var/www/html/yii1/framework/web/CController.php(785): ContactController->renderPartial()
#2 /var/www/html/yii1/protected/controllers/ContactController.php(29): ContactController->render()
#3 /var/www/html/yii1/framework/web/actions/CInlineAction.php(49): ContactController->actionIndex()
#4 /var/www/html/yii1/framework/web/CController.php(308): CInlineAction->runWithParams()
#5 /var/www/html/yii1/framework/web/CController.php(286): ContactController->runAction()
#6 /var/www/html/yii1/framework/web/CController.php(265): ContactController->runActionWithFilters()
#7 /var/www/html/yii1/framework/web/CWebApplication.php(282): ContactController->run()
#8 /var/www/html/yii1/framework/web/CWebApplication.php(141): CWebApplication->runController()
#9 /var/www/html/yii1/framework/base/CApplication.php(185): CWebApplication->processRequest()
#10 /var/www/html/yii1/index.php(13): CWebApplication->run()
REQUEST_URI=/yii1/index.php?r=contact
in /var/www/html/yii1/protected/views/contact/index.php (24)
in /var/www/html/yii1/protected/controllers/ContactController.php (29)
in /var/www/html/yii1/index.php (13)
2018/08/10 10:34:08 [error] [exception.CHttpException.404] exception 'CHttpException' with message 'Unable to resolve the request "ContactController/add".' in /var/www/html/yii1/framework/web/CWebApplication.php:286
Stack trace:
#0 /var/www/html/yii1/framework/web/CWebApplication.php(141): CWebApplication->runController('ContactControll...')
#1 /var/www/html/yii1/framework/base/CApplication.php(185): CWebApplication->processRequest()
#2 /var/www/html/yii1/index.php(13): CApplication->run()
#3 {main}
REQUEST_URI=/yii1/index.php?r=ContactController/add
HTTP_REFERER=http://localhost/yii1/index.php?r=contact
---
2018/08/10 10:35:01 [error] [exception.CHttpException.404] exception 'CHttpException' with message 'Unable to resolve the request "ContactController/add".' in /var/www/html/yii1/framework/web/CWebApplication.php:286
Stack trace:
#0 /var/www/html/yii1/framework/web/CWebApplication.php(141): CWebApplication->runController('ContactControll...')
#1 /var/www/html/yii1/framework/base/CApplication.php(185): CWebApplication->processRequest()
#2 /var/www/html/yii1/index.php(13): CApplication->run()
#3 {main}
REQUEST_URI=/yii1/index.php?r=ContactController/add
HTTP_REFERER=http://localhost/yii1/index.php?r=contact
---
2018/08/10 10:35:09 [error] [exception.CHttpException.404] exception 'CHttpException' with message 'Unable to resolve the request "ContactController/actionAdd".' in /var/www/html/yii1/framework/web/CWebApplication.php:286
Stack trace:
#0 /var/www/html/yii1/framework/web/CWebApplication.php(141): CWebApplication->runController('ContactControll...')
#1 /var/www/html/yii1/framework/base/CApplication.php(185): CWebApplication->processRequest()
#2 /var/www/html/yii1/index.php(13): CApplication->run()
#3 {main}
REQUEST_URI=/yii1/index.php?r=ContactController/actionAdd
HTTP_REFERER=http://localhost/yii1/index.php?r=contact
---
2018/08/10 14:19:55 [error] [php] Undefined variable: baseUrl (/var/www/html/yii1/themes/bootstrap/views/layouts/main.php:5)
Stack trace:
#0 /var/www/html/yii1/framework/web/widgets/CContentDecorator.php(76): ContactController->renderFile()
#1 /var/www/html/yii1/framework/web/widgets/CContentDecorator.php(54): CContentDecorator->decorate()
#2 /var/www/html/yii1/framework/web/widgets/COutputProcessor.php(44): CContentDecorator->processOutput()
#3 /var/www/html/yii1/framework/web/CBaseController.php(215): CContentDecorator->run()
#4 /var/www/html/yii1/framework/web/CBaseController.php(309): ContactController->endWidget()
#5 /var/www/html/yii1/protected/views/layouts/column1.php(7): ContactController->endContent()
#6 /var/www/html/yii1/framework/web/CBaseController.php(126): require()
#7 /var/www/html/yii1/framework/web/CBaseController.php(95): ContactController->renderInternal()
#8 /var/www/html/yii1/framework/web/CController.php(787): ContactController->renderFile()
#9 /var/www/html/yii1/protected/controllers/ContactController.php(36): ContactController->render()
#10 /var/www/html/yii1/framework/web/actions/CInlineAction.php(49): ContactController->actionAdd()
#11 /var/www/html/yii1/framework/web/CController.php(308): CInlineAction->runWithParams()
#12 /var/www/html/yii1/framework/web/CController.php(286): ContactController->runAction()
#13 /var/www/html/yii1/framework/web/CController.php(265): ContactController->runActionWithFilters()
#14 /var/www/html/yii1/framework/web/CWebApplication.php(282): ContactController->run()
#15 /var/www/html/yii1/framework/web/CWebApplication.php(141): CWebApplication->runController()
#16 /var/www/html/yii1/framework/base/CApplication.php(185): CWebApplication->processRequest()
#17 /var/www/html/yii1/index.php(13): CWebApplication->run()
REQUEST_URI=/yii1/index.php?r=contact/add
in /var/www/html/yii1/themes/bootstrap/views/layouts/main.php (5)
in /var/www/html/yii1/protected/views/layouts/column1.php (7)
in /var/www/html/yii1/protected/controllers/ContactController.php (36)
2018/08/10 14:40:41 [error] [exception.CException] exception 'CException' with message 'Alias "boostrap.components.BsApi" is invalid. Make sure it points to an existing directory or file.' in /var/www/html/yii1/framework/YiiBase.php:355
Stack trace:
#0 /var/www/html/yii1/framework/YiiBase.php(204): YiiBase::import('boostrap.compon...', true)
#1 /var/www/html/yii1/framework/base/CModule.php(393): YiiBase::createComponent(Array)
#2 /var/www/html/yii1/framework/base/CModule.php(103): CModule->getComponent('bootstrap')
#3 /var/www/html/yii1/themes/bootstrap/views/layouts/main.php(43): CModule->__get('bootstrap')
#4 /var/www/html/yii1/framework/web/CBaseController.php(126): require('/var/www/html/y...')
#5 /var/www/html/yii1/framework/web/CBaseController.php(95): CBaseController->renderInternal('/var/www/html/y...', Array, true)
#6 /var/www/html/yii1/framework/web/widgets/CContentDecorator.php(76): CBaseController->renderFile('/var/www/html/y...', Array, true)
#7 /var/www/html/yii1/framework/web/widgets/CContentDecorator.php(54): CContentDecorator->decorate('<div id="conten...')
#8 /var/www/html/yii1/framework/web/widgets/COutputProcessor.php(44): CContentDecorator->processOutput('<div id="conten...')
#9 /var/www/html/yii1/framework/web/CBaseController.php(215): COutputProcessor->run()
#10 /var/www/html/yii1/framework/web/CBaseController.php(309): CBaseController->endWidget('CContentDecorat...')
#11 /var/www/html/yii1/protected/views/layouts/column1.php(7): CBaseController->endContent()
#12 /var/www/html/yii1/framework/web/CBaseController.php(126): require('/var/www/html/y...')
#13 /var/www/html/yii1/framework/web/CBaseController.php(95): CBaseController->renderInternal('/var/www/html/y...', Array, true)
#14 /var/www/html/yii1/framework/web/CController.php(787): CBaseController->renderFile('/var/www/html/y...', Array, true)
#15 /var/www/html/yii1/protected/controllers/ContactController.php(36): CController->render('add')
#16 /var/www/html/yii1/framework/web/actions/CInlineAction.php(49): ContactController->actionAdd()
#17 /var/www/html/yii1/framework/web/CController.php(308): CInlineAction->runWithParams(Array)
#18 /var/www/html/yii1/framework/web/CController.php(286): CController->runAction(Object(CInlineAction))
#19 /var/www/html/yii1/framework/web/CController.php(265): CController->runActionWithFilters(Object(CInlineAction), Array)
#20 /var/www/html/yii1/framework/web/CWebApplication.php(282): CController->run('add')
#21 /var/www/html/yii1/framework/web/CWebApplication.php(141): CWebApplication->runController('contact/add')
#22 /var/www/html/yii1/framework/base/CApplication.php(185): CWebApplication->processRequest()
#23 /var/www/html/yii1/index.php(13): CApplication->run()
#24 {main}
REQUEST_URI=/yii1/index.php?r=contact/add
HTTP_REFERER=http://localhost/yii1/index.php?r=contact
---
2018/08/10 14:42:48 [error] [exception.CException] exception 'CException' with message 'Alias "bootstrap.components.BsApi" is invalid. Make sure it points to an existing PHP file and the file is readable.' in /var/www/html/yii1/framework/YiiBase.php:330
Stack trace:
#0 /var/www/html/yii1/framework/YiiBase.php(204): YiiBase::import('bootstrap.compo...', true)
#1 /var/www/html/yii1/framework/base/CModule.php(393): YiiBase::createComponent(Array)
#2 /var/www/html/yii1/framework/base/CModule.php(103): CModule->getComponent('bootstrap')
#3 /var/www/html/yii1/themes/bootstrap/views/layouts/main.php(43): CModule->__get('bootstrap')
#4 /var/www/html/yii1/framework/web/CBaseController.php(126): require('/var/www/html/y...')
#5 /var/www/html/yii1/framework/web/CBaseController.php(95): CBaseController->renderInternal('/var/www/html/y...', Array, true)
#6 /var/www/html/yii1/framework/web/widgets/CContentDecorator.php(76): CBaseController->renderFile('/var/www/html/y...', Array, true)
#7 /var/www/html/yii1/framework/web/widgets/CContentDecorator.php(54): CContentDecorator->decorate('<div id="conten...')
#8 /var/www/html/yii1/framework/web/widgets/COutputProcessor.php(44): CContentDecorator->processOutput('<div id="conten...')
#9 /var/www/html/yii1/framework/web/CBaseController.php(215): COutputProcessor->run()
#10 /var/www/html/yii1/framework/web/CBaseController.php(309): CBaseController->endWidget('CContentDecorat...')
#11 /var/www/html/yii1/protected/views/layouts/column1.php(7): CBaseController->endContent()
#12 /var/www/html/yii1/framework/web/CBaseController.php(126): require('/var/www/html/y...')
#13 /var/www/html/yii1/framework/web/CBaseController.php(95): CBaseController->renderInternal('/var/www/html/y...', Array, true)
#14 /var/www/html/yii1/framework/web/CController.php(787): CBaseController->renderFile('/var/www/html/y...', Array, true)
#15 /var/www/html/yii1/protected/controllers/ContactController.php(36): CController->render('add')
#16 /var/www/html/yii1/framework/web/actions/CInlineAction.php(49): ContactController->actionAdd()
#17 /var/www/html/yii1/framework/web/CController.php(308): CInlineAction->runWithParams(Array)
#18 /var/www/html/yii1/framework/web/CController.php(286): CController->runAction(Object(CInlineAction))
#19 /var/www/html/yii1/framework/web/CController.php(265): CController->runActionWithFilters(Object(CInlineAction), Array)
#20 /var/www/html/yii1/framework/web/CWebApplication.php(282): CController->run('add')
#21 /var/www/html/yii1/framework/web/CWebApplication.php(141): CWebApplication->runController('contact/add')
#22 /var/www/html/yii1/framework/base/CApplication.php(185): CWebApplication->processRequest()
#23 /var/www/html/yii1/index.php(13): CApplication->run()
#24 {main}
REQUEST_URI=/yii1/index.php?r=contact/add
HTTP_REFERER=http://localhost/yii1/index.php?r=contact
---
2018/08/10 14:43:35 [error] [exception.CException] exception 'CException' with message 'BsApi and its behaviors do not have a method or closure named "register".' in /var/www/html/yii1/framework/base/CComponent.php:266
Stack trace:
#0 /var/www/html/yii1/themes/bootstrap/views/layouts/main.php(43): CComponent->__call('register', Array)
#1 /var/www/html/yii1/themes/bootstrap/views/layouts/main.php(43): BsApi->register()
#2 /var/www/html/yii1/framework/web/CBaseController.php(126): require('/var/www/html/y...')
#3 /var/www/html/yii1/framework/web/CBaseController.php(95): CBaseController->renderInternal('/var/www/html/y...', Array, true)
#4 /var/www/html/yii1/framework/web/widgets/CContentDecorator.php(76): CBaseController->renderFile('/var/www/html/y...', Array, true)
#5 /var/www/html/yii1/framework/web/widgets/CContentDecorator.php(54): CContentDecorator->decorate('<div id="conten...')
#6 /var/www/html/yii1/framework/web/widgets/COutputProcessor.php(44): CContentDecorator->processOutput('<div id="conten...')
#7 /var/www/html/yii1/framework/web/CBaseController.php(215): COutputProcessor->run()
#8 /var/www/html/yii1/framework/web/CBaseController.php(309): CBaseController->endWidget('CContentDecorat...')
#9 /var/www/html/yii1/protected/views/layouts/column1.php(7): CBaseController->endContent()
#10 /var/www/html/yii1/framework/web/CBaseController.php(126): require('/var/www/html/y...')
#11 /var/www/html/yii1/framework/web/CBaseController.php(95): CBaseController->renderInternal('/var/www/html/y...', Array, true)
#12 /var/www/html/yii1/framework/web/CController.php(787): CBaseController->renderFile('/var/www/html/y...', Array, true)
#13 /var/www/html/yii1/protected/controllers/ContactController.php(36): CController->render('add')
#14 /var/www/html/yii1/framework/web/actions/CInlineAction.php(49): ContactController->actionAdd()
#15 /var/www/html/yii1/framework/web/CController.php(308): CInlineAction->runWithParams(Array)
#16 /var/www/html/yii1/framework/web/CController.php(286): CController->runAction(Object(CInlineAction))
#17 /var/www/html/yii1/framework/web/CController.php(265): CController->runActionWithFilters(Object(CInlineAction), Array)
#18 /var/www/html/yii1/framework/web/CWebApplication.php(282): CController->run('add')
#19 /var/www/html/yii1/framework/web/CWebApplication.php(141): CWebApplication->runController('contact/add')
#20 /var/www/html/yii1/framework/base/CApplication.php(185): CWebApplication->processRequest()
#21 /var/www/html/yii1/index.php(13): CApplication->run()
#22 {main}
REQUEST_URI=/yii1/index.php?r=contact/add
HTTP_REFERER=http://localhost/yii1/index.php?r=contact
---
2018/08/10 14:44:04 [error] [exception.CException] exception 'CException' with message 'BsApi and its behaviors do not have a method or closure named "register".' in /var/www/html/yii1/framework/base/CComponent.php:266
Stack trace:
#0 /var/www/html/yii1/themes/bootstrap/views/layouts/main.php(43): CComponent->__call('register', Array)
#1 /var/www/html/yii1/themes/bootstrap/views/layouts/main.php(43): BsApi->register()
#2 /var/www/html/yii1/framework/web/CBaseController.php(126): require('/var/www/html/y...')
#3 /var/www/html/yii1/framework/web/CBaseController.php(95): CBaseController->renderInternal('/var/www/html/y...', Array, true)
#4 /var/www/html/yii1/framework/web/widgets/CContentDecorator.php(76): CBaseController->renderFile('/var/www/html/y...', Array, true)
#5 /var/www/html/yii1/framework/web/widgets/CContentDecorator.php(54): CContentDecorator->decorate('<div id="conten...')
#6 /var/www/html/yii1/framework/web/widgets/COutputProcessor.php(44): CContentDecorator->processOutput('<div id="conten...')
#7 /var/www/html/yii1/framework/web/CBaseController.php(215): COutputProcessor->run()
#8 /var/www/html/yii1/framework/web/CBaseController.php(309): CBaseController->endWidget('CContentDecorat...')
#9 /var/www/html/yii1/protected/views/layouts/column1.php(7): CBaseController->endContent()
#10 /var/www/html/yii1/framework/web/CBaseController.php(126): require('/var/www/html/y...')
#11 /var/www/html/yii1/framework/web/CBaseController.php(95): CBaseController->renderInternal('/var/www/html/y...', Array, true)
#12 /var/www/html/yii1/framework/web/CController.php(787): CBaseController->renderFile('/var/www/html/y...', Array, true)
#13 /var/www/html/yii1/protected/controllers/ContactController.php(36): CController->render('add')
#14 /var/www/html/yii1/framework/web/actions/CInlineAction.php(49): ContactController->actionAdd()
#15 /var/www/html/yii1/framework/web/CController.php(308): CInlineAction->runWithParams(Array)
#16 /var/www/html/yii1/framework/web/CController.php(286): CController->runAction(Object(CInlineAction))
#17 /var/www/html/yii1/framework/web/CController.php(265): CController->runActionWithFilters(Object(CInlineAction), Array)
#18 /var/www/html/yii1/framework/web/CWebApplication.php(282): CController->run('add')
#19 /var/www/html/yii1/framework/web/CWebApplication.php(141): CWebApplication->runController('contact/add')
#20 /var/www/html/yii1/framework/base/CApplication.php(185): CWebApplication->processRequest()
#21 /var/www/html/yii1/index.php(13): CApplication->run()
#22 {main}
REQUEST_URI=/yii1/index.php?r=contact/add
HTTP_REFERER=http://localhost/yii1/index.php?r=contact
---
2018/08/10 14:44:05 [error] [exception.CException] exception 'CException' with message 'BsApi and its behaviors do not have a method or closure named "register".' in /var/www/html/yii1/framework/base/CComponent.php:266
Stack trace:
#0 /var/www/html/yii1/themes/bootstrap/views/layouts/main.php(43): CComponent->__call('register', Array)
#1 /var/www/html/yii1/themes/bootstrap/views/layouts/main.php(43): BsApi->register()
#2 /var/www/html/yii1/framework/web/CBaseController.php(126): require('/var/www/html/y...')
#3 /var/www/html/yii1/framework/web/CBaseController.php(95): CBaseController->renderInternal('/var/www/html/y...', Array, true)
#4 /var/www/html/yii1/framework/web/widgets/CContentDecorator.php(76): CBaseController->renderFile('/var/www/html/y...', Array, true)
#5 /var/www/html/yii1/framework/web/widgets/CContentDecorator.php(54): CContentDecorator->decorate('<div id="conten...')
#6 /var/www/html/yii1/framework/web/widgets/COutputProcessor.php(44): CContentDecorator->processOutput('<div id="conten...')
#7 /var/www/html/yii1/framework/web/CBaseController.php(215): COutputProcessor->run()
#8 /var/www/html/yii1/framework/web/CBaseController.php(309): CBaseController->endWidget('CContentDecorat...')
#9 /var/www/html/yii1/protected/views/layouts/column1.php(7): CBaseController->endContent()
#10 /var/www/html/yii1/framework/web/CBaseController.php(126): require('/var/www/html/y...')
#11 /var/www/html/yii1/framework/web/CBaseController.php(95): CBaseController->renderInternal('/var/www/html/y...', Array, true)
#12 /var/www/html/yii1/framework/web/CController.php(787): CBaseController->renderFile('/var/www/html/y...', Array, true)
#13 /var/www/html/yii1/protected/controllers/ContactController.php(36): CController->render('add')
#14 /var/www/html/yii1/framework/web/actions/CInlineAction.php(49): ContactController->actionAdd()
#15 /var/www/html/yii1/framework/web/CController.php(308): CInlineAction->runWithParams(Array)
#16 /var/www/html/yii1/framework/web/CController.php(286): CController->runAction(Object(CInlineAction))
#17 /var/www/html/yii1/framework/web/CController.php(265): CController->runActionWithFilters(Object(CInlineAction), Array)
#18 /var/www/html/yii1/framework/web/CWebApplication.php(282): CController->run('add')
#19 /var/www/html/yii1/framework/web/CWebApplication.php(141): CWebApplication->runController('contact/add')
#20 /var/www/html/yii1/framework/base/CApplication.php(185): CWebApplication->processRequest()
#21 /var/www/html/yii1/index.php(13): CApplication->run()
#22 {main}
REQUEST_URI=/yii1/index.php?r=contact/add
HTTP_REFERER=http://localhost/yii1/index.php?r=contact
---
2018/08/10 14:44:37 [error] [exception.CException] exception 'CException' with message 'Alias "bootstrap.widgets.TbNavbar" is invalid. Make sure it points to an existing PHP file and the file is readable.' in /var/www/html/yii1/framework/YiiBase.php:330
Stack trace:
#0 /var/www/html/yii1/framework/web/CWidgetFactory.php(146): YiiBase::import('bootstrap.widge...', true)
#1 /var/www/html/yii1/framework/web/CBaseController.php(146): CWidgetFactory->createWidget(Object(ContactController), 'bootstrap.widge...', Array)
#2 /var/www/html/yii1/framework/web/CBaseController.php(181): CBaseController->createWidget('bootstrap.widge...', Array)
#3 /var/www/html/yii1/themes/bootstrap/views/layouts/main.php(60): CBaseController->widget('bootstrap.widge...', Array)
#4 /var/www/html/yii1/framework/web/CBaseController.php(126): require('/var/www/html/y...')
#5 /var/www/html/yii1/framework/web/CBaseController.php(95): CBaseController->renderInternal('/var/www/html/y...', Array, true)
#6 /var/www/html/yii1/framework/web/widgets/CContentDecorator.php(76): CBaseController->renderFile('/var/www/html/y...', Array, true)
#7 /var/www/html/yii1/framework/web/widgets/CContentDecorator.php(54): CContentDecorator->decorate('<div id="conten...')
#8 /var/www/html/yii1/framework/web/widgets/COutputProcessor.php(44): CContentDecorator->processOutput('<div id="conten...')
#9 /var/www/html/yii1/framework/web/CBaseController.php(215): COutputProcessor->run()
#10 /var/www/html/yii1/framework/web/CBaseController.php(309): CBaseController->endWidget('CContentDecorat...')
#11 /var/www/html/yii1/protected/views/layouts/column1.php(7): CBaseController->endContent()
#12 /var/www/html/yii1/framework/web/CBaseController.php(126): require('/var/www/html/y...')
#13 /var/www/html/yii1/framework/web/CBaseController.php(95): CBaseController->renderInternal('/var/www/html/y...', Array, true)
#14 /var/www/html/yii1/framework/web/CController.php(787): CBaseController->renderFile('/var/www/html/y...', Array, true)
#15 /var/www/html/yii1/protected/controllers/ContactController.php(36): CController->render('add')
#16 /var/www/html/yii1/framework/web/actions/CInlineAction.php(49): ContactController->actionAdd()
#17 /var/www/html/yii1/framework/web/CController.php(308): CInlineAction->runWithParams(Array)
#18 /var/www/html/yii1/framework/web/CController.php(286): CController->runAction(Object(CInlineAction))
#19 /var/www/html/yii1/framework/web/CController.php(265): CController->runActionWithFilters(Object(CInlineAction), Array)
#20 /var/www/html/yii1/framework/web/CWebApplication.php(282): CController->run('add')
#21 /var/www/html/yii1/framework/web/CWebApplication.php(141): CWebApplication->runController('contact/add')
#22 /var/www/html/yii1/framework/base/CApplication.php(185): CWebApplication->processRequest()
#23 /var/www/html/yii1/index.php(13): CApplication->run()
#24 {main}
REQUEST_URI=/yii1/index.php?r=contact/add
HTTP_REFERER=http://localhost/yii1/index.php?r=contact
---
2018/08/10 14:44:59 [error] [exception.CException] exception 'CException' with message 'Alias "bootstrap.widgets.TbNavbar" is invalid. Make sure it points to an existing PHP file and the file is readable.' in /var/www/html/yii1/framework/YiiBase.php:330
Stack trace:
#0 /var/www/html/yii1/framework/web/CWidgetFactory.php(146): YiiBase::import('bootstrap.widge...', true)
#1 /var/www/html/yii1/framework/web/CBaseController.php(146): CWidgetFactory->createWidget(Object(ContactController), 'bootstrap.widge...', Array)
#2 /var/www/html/yii1/framework/web/CBaseController.php(181): CBaseController->createWidget('bootstrap.widge...', Array)
#3 /var/www/html/yii1/themes/bootstrap/views/layouts/main.php(60): CBaseController->widget('bootstrap.widge...', Array)
#4 /var/www/html/yii1/framework/web/CBaseController.php(126): require('/var/www/html/y...')
#5 /var/www/html/yii1/framework/web/CBaseController.php(95): CBaseController->renderInternal('/var/www/html/y...', Array, true)
#6 /var/www/html/yii1/framework/web/widgets/CContentDecorator.php(76): CBaseController->renderFile('/var/www/html/y...', Array, true)
#7 /var/www/html/yii1/framework/web/widgets/CContentDecorator.php(54): CContentDecorator->decorate('<div id="conten...')
#8 /var/www/html/yii1/framework/web/widgets/COutputProcessor.php(44): CContentDecorator->processOutput('<div id="conten...')
#9 /var/www/html/yii1/framework/web/CBaseController.php(215): COutputProcessor->run()
#10 /var/www/html/yii1/framework/web/CBaseController.php(309): CBaseController->endWidget('CContentDecorat...')
#11 /var/www/html/yii1/protected/views/layouts/column1.php(7): CBaseController->endContent()
#12 /var/www/html/yii1/framework/web/CBaseController.php(126): require('/var/www/html/y...')
#13 /var/www/html/yii1/framework/web/CBaseController.php(95): CBaseController->renderInternal('/var/www/html/y...', Array, true)
#14 /var/www/html/yii1/framework/web/CController.php(787): CBaseController->renderFile('/var/www/html/y...', Array, true)
#15 /var/www/html/yii1/protected/controllers/ContactController.php(36): CController->render('add')
#16 /var/www/html/yii1/framework/web/actions/CInlineAction.php(49): ContactController->actionAdd()
#17 /var/www/html/yii1/framework/web/CController.php(308): CInlineAction->runWithParams(Array)
#18 /var/www/html/yii1/framework/web/CController.php(286): CController->runAction(Object(CInlineAction))
#19 /var/www/html/yii1/framework/web/CController.php(265): CController->runActionWithFilters(Object(CInlineAction), Array)
#20 /var/www/html/yii1/framework/web/CWebApplication.php(282): CController->run('add')
#21 /var/www/html/yii1/framework/web/CWebApplication.php(141): CWebApplication->runController('contact/add')
#22 /var/www/html/yii1/framework/base/CApplication.php(185): CWebApplication->processRequest()
#23 /var/www/html/yii1/index.php(13): CApplication->run()
#24 {main}
REQUEST_URI=/yii1/index.php?r=contact/add
HTTP_REFERER=http://localhost/yii1/index.php?r=contact
---
2018/08/10 14:46:25 [error] [exception.CException] exception 'CException' with message 'Alias "bootstrap.widgets.TbBreadcrumbs" is invalid. Make sure it points to an existing PHP file and the file is readable.' in /var/www/html/yii1/framework/YiiBase.php:330
Stack trace:
#0 /var/www/html/yii1/framework/web/CWidgetFactory.php(146): YiiBase::import('bootstrap.widge...', true)
#1 /var/www/html/yii1/framework/web/CBaseController.php(146): CWidgetFactory->createWidget(Object(ContactController), 'bootstrap.widge...', Array)
#2 /var/www/html/yii1/framework/web/CBaseController.php(181): CBaseController->createWidget('bootstrap.widge...', Array)
#3 /var/www/html/yii1/themes/bootstrap/views/layouts/main.php(53): CBaseController->widget('bootstrap.widge...', Array)
#4 /var/www/html/yii1/framework/web/CBaseController.php(126): require('/var/www/html/y...')
#5 /var/www/html/yii1/framework/web/CBaseController.php(95): CBaseController->renderInternal('/var/www/html/y...', Array, true)
#6 /var/www/html/yii1/framework/web/widgets/CContentDecorator.php(76): CBaseController->renderFile('/var/www/html/y...', Array, true)
#7 /var/www/html/yii1/framework/web/widgets/CContentDecorator.php(54): CContentDecorator->decorate('<div id="conten...')
#8 /var/www/html/yii1/framework/web/widgets/COutputProcessor.php(44): CContentDecorator->processOutput('<div id="conten...')
#9 /var/www/html/yii1/framework/web/CBaseController.php(215): COutputProcessor->run()
#10 /var/www/html/yii1/framework/web/CBaseController.php(309): CBaseController->endWidget('CContentDecorat...')
#11 /var/www/html/yii1/protected/views/layouts/column1.php(7): CBaseController->endContent()
#12 /var/www/html/yii1/framework/web/CBaseController.php(126): require('/var/www/html/y...')
#13 /var/www/html/yii1/framework/web/CBaseController.php(95): CBaseController->renderInternal('/var/www/html/y...', Array, true)
#14 /var/www/html/yii1/framework/web/CController.php(787): CBaseController->renderFile('/var/www/html/y...', Array, true)
#15 /var/www/html/yii1/protected/controllers/ContactController.php(36): CController->render('add')
#16 /var/www/html/yii1/framework/web/actions/CInlineAction.php(49): ContactController->actionAdd()
#17 /var/www/html/yii1/framework/web/CController.php(308): CInlineAction->runWithParams(Array)
#18 /var/www/html/yii1/framework/web/CController.php(286): CController->runAction(Object(CInlineAction))
#19 /var/www/html/yii1/framework/web/CController.php(265): CController->runActionWithFilters(Object(CInlineAction), Array)
#20 /var/www/html/yii1/framework/web/CWebApplication.php(282): CController->run('add')
#21 /var/www/html/yii1/framework/web/CWebApplication.php(141): CWebApplication->runController('contact/add')
#22 /var/www/html/yii1/framework/base/CApplication.php(185): CWebApplication->processRequest()
#23 /var/www/html/yii1/index.php(13): CApplication->run()
#24 {main}
REQUEST_URI=/yii1/index.php?r=contact/add
HTTP_REFERER=http://localhost/yii1/index.php?r=contact
---
